# JRE version: Java(TM) SE Runtime Environment (8.0_261-b12) (build 1.8.0_261-b12)
# Java VM: Java HotSpot(TM) 64-Bit Server VM (25.261-b12 mixed mode windows-amd64 compressed oops)
Heap:
 PSYoungGen      total 88576K, used 28948K [0x00000000e0100000, 0x00000000e6100000, 0x0000000100000000)
  eden space 78848K, 31% used [0x00000000e0100000,0x00000000e1943828,0x00000000e4e00000)
  from space 9728K, 42% used [0x00000000e4e00000,0x00000000e5201848,0x00000000e5780000)
  to   space 8704K, 0% used [0x00000000e5800000,0x00000000e5800000,0x00000000e6080000)
 ParOldGen       total 45568K, used 29435K [0x00000000a0200000, 0x00000000a2e80000, 0x00000000e0100000)
  object space 45568K, 64% used [0x00000000a0200000,0x00000000a1ebed48,0x00000000a2e80000)
 Metaspace       used 46008K, capacity 46692K, committed 47104K, reserved 1089536K
  class space    used 6129K, capacity 6284K, committed 6400K, reserved 1048576K
GC Heap History (10 events):
Event: 9.350 GC heap before
{Heap before GC invocations=15 (full 2):
 PSYoungGen      total 88576K, used 2760K [0x00000000e0100000, 0x00000000e6100000, 0x0000000100000000)
  eden space 78848K, 0% used [0x00000000e0100000,0x00000000e0100000,0x00000000e4e00000)
  from space 9728K, 28% used [0x00000000e4e00000,0x00000000e50b2180,0x00000000e5780000)
  to   space 8704K, 0% used [0x00000000e5800000,0x00000000e5800000,0x00000000e6080000)
 ParOldGen       total 45568K, used 20113K [0x00000000a0200000, 0x00000000a2e80000, 0x00000000e0100000)
  object space 45568K, 44% used [0x00000000a0200000,0x00000000a15a46e0,0x00000000a2e80000)
 Metaspace       used 34716K, capacity 35290K, committed 35416K, reserved 1079296K
  class space    used 4723K, capacity 4853K, committed 4864K, reserved 1048576K
Event: 9.480 GC heap after
Heap after GC invocations=15 (full 2):
 PSYoungGen      total 88576K, used 0K [0x00000000e0100000, 0x00000000e6100000, 0x0000000100000000)
  eden space 78848K, 0% used [0x00000000e0100000,0x00000000e0100000,0x00000000e4e00000)
  from space 9728K, 0% used [0x00000000e4e00000,0x00000000e4e00000,0x00000000e5780000)
  to   space 8704K, 0% used [0x00000000e5800000,0x00000000e5800000,0x00000000e6080000)
 ParOldGen       total 45568K, used 18896K [0x00000000a0200000, 0x00000000a2e80000, 0x00000000e0100000)
  object space 45568K, 41% used [0x00000000a0200000,0x00000000a14741a0,0x00000000a2e80000)
 Metaspace       used 34716K, capacity 35290K, committed 35416K, reserved 1079296K
  class space    used 4723K, capacity 4853K, committed 4864K, reserved 1048576K
}
Event: 10.171 GC heap before
{Heap before GC invocations=16 (full 2):
 PSYoungGen      total 88576K, used 78848K [0x00000000e0100000, 0x00000000e6100000, 0x0000000100000000)
  eden space 78848K, 100% used [0x00000000e0100000,0x00000000e4e00000,0x00000000e4e00000)
  from space 9728K, 0% used [0x00000000e4e00000,0x00000000e4e00000,0x00000000e5780000)
  to   space 8704K, 0% used [0x00000000e5800000,0x00000000e5800000,0x00000000e6080000)
 ParOldGen       total 45568K, used 18896K [0x00000000a0200000, 0x00000000a2e80000, 0x00000000e0100000)
  object space 45568K, 41% used [0x00000000a0200000,0x00000000a14741a0,0x00000000a2e80000)
 Metaspace       used 37042K, capacity 37704K, committed 38016K, reserved 1081344K
  class space    used 4998K, capacity 5154K, committed 5248K, reserved 1048576K
Event: 10.179 GC heap after
Heap after GC invocations=16 (full 2):
 PSYoungGen      total 87552K, used 4045K [0x00000000e0100000, 0x00000000e6100000, 0x0000000100000000)
  eden space 78848K, 0% used [0x00000000e0100000,0x00000000e0100000,0x00000000e4e00000)
  from space 8704K, 46% used [0x00000000e5800000,0x00000000e5bf3618,0x00000000e6080000)
  to   space 9728K, 0% used [0x00000000e4e00000,0x00000000e4e00000,0x00000000e5780000)
 ParOldGen       total 45568K, used 18904K [0x00000000a0200000, 0x00000000a2e80000, 0x00000000e0100000)
  object space 45568K, 41% used [0x00000000a0200000,0x00000000a14761a0,0x00000000a2e80000)
 Metaspace       used 37042K, capacity 37704K, committed 38016K, reserved 1081344K
  class space    used 4998K, capacity 5154K, committed 5248K, reserved 1048576K
}
Event: 10.817 GC heap before
{Heap before GC invocations=17 (full 2):
 PSYoungGen      total 87552K, used 82893K [0x00000000e0100000, 0x00000000e6100000, 0x0000000100000000)
  eden space 78848K, 100% used [0x00000000e0100000,0x00000000e4e00000,0x00000000e4e00000)
  from space 8704K, 46% used [0x00000000e5800000,0x00000000e5bf3618,0x00000000e6080000)
  to   space 9728K, 0% used [0x00000000e4e00000,0x00000000e4e00000,0x00000000e5780000)
 ParOldGen       total 45568K, used 18904K [0x00000000a0200000, 0x00000000a2e80000, 0x00000000e0100000)
  object space 45568K, 41% used [0x00000000a0200000,0x00000000a14761a0,0x00000000a2e80000)
 Metaspace       used 39551K, capacity 40200K, committed 40576K, reserved 1085440K
  class space    used 5299K, capacity 5474K, committed 5504K, reserved 1048576K
Event: 10.829 GC heap after
Heap after GC invocations=17 (full 2):
 PSYoungGen      total 88576K, used 9183K [0x00000000e0100000, 0x00000000e6100000, 0x0000000100000000)
  eden space 78848K, 0% used [0x00000000e0100000,0x00000000e0100000,0x00000000e4e00000)
  from space 9728K, 94% used [0x00000000e4e00000,0x00000000e56f7cc8,0x00000000e5780000)
  to   space 8704K, 0% used [0x00000000e5800000,0x00000000e5800000,0x00000000e6080000)
 ParOldGen       total 45568K, used 18912K [0x00000000a0200000, 0x00000000a2e80000, 0x00000000e0100000)
  object space 45568K, 41% used [0x00000000a0200000,0x00000000a14781a0,0x00000000a2e80000)
 Metaspace       used 39551K, capacity 40200K, committed 40576K, reserved 1085440K
  class space    used 5299K, capacity 5474K, committed 5504K, reserved 1048576K
}
Event: 11.536 GC heap before
{Heap before GC invocations=18 (full 2):
 PSYoungGen      total 88576K, used 88031K [0x00000000e0100000, 0x00000000e6100000, 0x0000000100000000)
  eden space 78848K, 100% used [0x00000000e0100000,0x00000000e4e00000,0x00000000e4e00000)
  from space 9728K, 94% used [0x00000000e4e00000,0x00000000e56f7cc8,0x00000000e5780000)
  to   space 8704K, 0% used [0x00000000e5800000,0x00000000e5800000,0x00000000e6080000)
 ParOldGen       total 45568K, used 18912K [0x00000000a0200000, 0x00000000a2e80000, 0x00000000e0100000)
  object space 45568K, 41% used [0x00000000a0200000,0x00000000a14781a0,0x00000000a2e80000)
 Metaspace       used 40417K, capacity 41030K, committed 41472K, reserved 1085440K
  class space    used 5424K, capacity 5575K, committed 5632K, reserved 1048576K
Event: 11.550 GC heap after
Heap after GC invocations=18 (full 2):
 PSYoungGen      total 87552K, used 8672K [0x00000000e0100000, 0x00000000e6100000, 0x0000000100000000)
  eden space 78848K, 0% used [0x00000000e0100000,0x00000000e0100000,0x00000000e4e00000)
  from space 8704K, 99% used [0x00000000e5800000,0x00000000e6078390,0x00000000e6080000)
  to   space 9728K, 0% used [0x00000000e4e00000,0x00000000e4e00000,0x00000000e5780000)
 ParOldGen       total 45568K, used 21530K [0x00000000a0200000, 0x00000000a2e80000, 0x00000000e0100000)
  object space 45568K, 47% used [0x00000000a0200000,0x00000000a1706a98,0x00000000a2e80000)
 Metaspace       used 40417K, capacity 41030K, committed 41472K, reserved 1085440K
  class space    used 5424K, capacity 5575K, committed 5632K, reserved 1048576K
}
Event: 12.366 GC heap before
{Heap before GC invocations=19 (full 2):
 PSYoungGen      total 87552K, used 87520K [0x00000000e0100000, 0x00000000e6100000, 0x0000000100000000)
  eden space 78848K, 100% used [0x00000000e0100000,0x00000000e4e00000,0x00000000e4e00000)
  from space 8704K, 99% used [0x00000000e5800000,0x00000000e6078390,0x00000000e6080000)
  to   space 9728K, 0% used [0x00000000e4e00000,0x00000000e4e00000,0x00000000e5780000)
 ParOldGen       total 45568K, used 21530K [0x00000000a0200000, 0x00000000a2e80000, 0x00000000e0100000)
  object space 45568K, 47% used [0x00000000a0200000,0x00000000a1706a98,0x00000000a2e80000)
 Metaspace       used 44171K, capacity 44836K, committed 45312K, reserved 1089536K
  class space    used 5867K, capacity 6028K, committed 6144K, reserved 1048576K
Event: 12.381 GC heap after
Heap after GC invocations=19 (full 2):
 PSYoungGen      total 88576K, used 4102K [0x00000000e0100000, 0x00000000e6100000, 0x0000000100000000)
  eden space 78848K, 0% used [0x00000000e0100000,0x00000000e0100000,0x00000000e4e00000)
  from space 9728K, 42% used [0x00000000e4e00000,0x00000000e5201848,0x00000000e5780000)
  to   space 8704K, 0% used [0x00000000e5800000,0x00000000e5800000,0x00000000e6080000)
 ParOldGen       total 45568K, used 29435K [0x00000000a0200000, 0x00000000a2e80000, 0x00000000e0100000)
  object space 45568K, 64% used [0x00000000a0200000,0x00000000a1ebed48,0x00000000a2e80000)
 Metaspace       used 44171K, capacity 44836K, committed 45312K, reserved 1089536K
  class space    used 5867K, capacity 6028K, committed 6144K, reserved 1048576K
}

